# JRE version: OpenJDK Runtime Environment Temurin-17.0.6+10 (17.0.6+10) (build 17.0.6+10)
# Java VM: OpenJDK 64-Bit Server VM Temurin-17.0.6+10 (17.0.6+10, mixed mode, emulated-client, tiered, compressed oops, compressed class ptrs, g1 gc, windows-amd64)
GC Precious Log:
 CPUs: 4 total, 4 available
 Memory: 8102M
 Large Page Support: Disabled
 NUMA Support: Disabled
 Compressed Oops: Enabled (32-bit)
 Heap Region Size: 1M
 Heap Min Capacity: 8M
 Heap Initial Capacity: 128M
 Heap Max Capacity: 2026M
 Pre-touch: Disabled
 Parallel Workers: 4
 Concurrent Workers: 1
 Concurrent Refinement Workers: 4
 Periodic GC: Disabled
Heap:
 garbage-first heap   total 72704K, used 56771K [0x0000000081600000, 0x0000000100000000)
  region size 1024K, 23 young (23552K), 1 survivors (1024K)
 Metaspace       used 70822K, committed 71296K, reserved 1114112K
  class space    used 8700K, committed 8896K, reserved 1048576K
GC Heap History (20 events):
Event: 27.451 GC heap before
{Heap before GC invocations=38 (full 0):
 garbage-first heap   total 72704K, used 57103K [0x0000000081600000, 0x0000000100000000)
  region size 1024K, 23 young (23552K), 1 survivors (1024K)
 Metaspace       used 70596K, committed 71104K, reserved 1114112K
  class space    used 8668K, committed 8896K, reserved 1048576K
}
Event: 27.453 GC heap after
{Heap after GC invocations=39 (full 0):
 garbage-first heap   total 72704K, used 36054K [0x0000000081600000, 0x0000000100000000)
  region size 1024K, 1 young (1024K), 1 survivors (1024K)
 Metaspace       used 70596K, committed 71104K, reserved 1114112K
  class space    used 8668K, committed 8896K, reserved 1048576K
}
Event: 31.036 GC heap before
{Heap before GC invocations=39 (full 0):
 garbage-first heap   total 72704K, used 57558K [0x0000000081600000, 0x0000000100000000)
  region size 1024K, 23 young (23552K), 1 survivors (1024K)
 Metaspace       used 70628K, committed 71104K, reserved 1114112K
  class space    used 8670K, committed 8896K, reserved 1048576K
}
Event: 31.038 GC heap after
{Heap after GC invocations=40 (full 0):
 garbage-first heap   total 72704K, used 36666K [0x0000000081600000, 0x0000000100000000)
  region size 1024K, 2 young (2048K), 2 survivors (2048K)
 Metaspace       used 70628K, committed 71104K, reserved 1114112K
  class space    used 8670K, committed 8896K, reserved 1048576K
}
Event: 44.529 GC heap before
{Heap before GC invocations=40 (full 0):
 garbage-first heap   total 72704K, used 58170K [0x0000000081600000, 0x0000000100000000)
  region size 1024K, 24 young (24576K), 2 survivors (2048K)
 Metaspace       used 70693K, committed 71232K, reserved 1114112K
  class space    used 8675K, committed 8896K, reserved 1048576K
}
Event: 44.531 GC heap after
{Heap after GC invocations=41 (full 0):
 garbage-first heap   total 72704K, used 36270K [0x0000000081600000, 0x0000000100000000)
  region size 1024K, 1 young (1024K), 1 survivors (1024K)
 Metaspace       used 70693K, committed 71232K, reserved 1114112K
  class space    used 8675K, committed 8896K, reserved 1048576K
}
Event: 80.422 GC heap before
{Heap before GC invocations=41 (full 0):
 garbage-first heap   total 72704K, used 58798K [0x0000000081600000, 0x0000000100000000)
  region size 1024K, 24 young (24576K), 1 survivors (1024K)
 Metaspace       used 70771K, committed 71296K, reserved 1114112K
  class space    used 8690K, committed 8896K, reserved 1048576K
}
Event: 80.423 GC heap after
{Heap after GC invocations=42 (full 0):
 garbage-first heap   total 72704K, used 36498K [0x0000000081600000, 0x0000000100000000)
  region size 1024K, 2 young (2048K), 2 survivors (2048K)
 Metaspace       used 70771K, committed 71296K, reserved 1114112K
  class space    used 8690K, committed 8896K, reserved 1048576K
}
Event: 131.908 GC heap before
{Heap before GC invocations=42 (full 0):
 garbage-first heap   total 72704K, used 60050K [0x0000000081600000, 0x0000000100000000)
  region size 1024K, 25 young (25600K), 2 survivors (2048K)
 Metaspace       used 70771K, committed 71296K, reserved 1114112K
  class space    used 8690K, committed 8896K, reserved 1048576K
}
Event: 131.910 GC heap after
{Heap after GC invocations=43 (full 0):
 garbage-first heap   total 72704K, used 36328K [0x0000000081600000, 0x0000000100000000)
  region size 1024K, 1 young (1024K), 1 survivors (1024K)
 Metaspace       used 70771K, committed 71296K, reserved 1114112K
  class space    used 8690K, committed 8896K, reserved 1048576K
}
Event: 191.494 GC heap before
{Heap before GC invocations=43 (full 0):
 garbage-first heap   total 72704K, used 60904K [0x0000000081600000, 0x0000000100000000)
  region size 1024K, 25 young (25600K), 1 survivors (1024K)
 Metaspace       used 70771K, committed 71296K, reserved 1114112K
  class space    used 8690K, committed 8896K, reserved 1048576K
}
Event: 191.497 GC heap after
{Heap after GC invocations=44 (full 0):
 garbage-first heap   total 72704K, used 36328K [0x0000000081600000, 0x0000000100000000)
  region size 1024K, 1 young (1024K), 1 survivors (1024K)
 Metaspace       used 70771K, committed 71296K, reserved 1114112K
  class space    used 8690K, committed 8896K, reserved 1048576K
}
Event: 233.459 GC heap before
{Heap before GC invocations=44 (full 0):
 garbage-first heap   total 72704K, used 59880K [0x0000000081600000, 0x0000000100000000)
  region size 1024K, 25 young (25600K), 1 survivors (1024K)
 Metaspace       used 70779K, committed 71296K, reserved 1114112K
  class space    used 8692K, committed 8896K, reserved 1048576K
}
Event: 233.461 GC heap after
{Heap after GC invocations=45 (full 0):
 garbage-first heap   total 72704K, used 36384K [0x0000000081600000, 0x0000000100000000)
  region size 1024K, 2 young (2048K), 2 survivors (2048K)
 Metaspace       used 70779K, committed 71296K, reserved 1114112K
  class space    used 8692K, committed 8896K, reserved 1048576K
}
Event: 290.029 GC heap before
{Heap before GC invocations=45 (full 0):
 garbage-first heap   total 72704K, used 60960K [0x0000000081600000, 0x0000000100000000)
  region size 1024K, 26 young (26624K), 2 survivors (2048K)
 Metaspace       used 70779K, committed 71296K, reserved 1114112K
  class space    used 8692K, committed 8896K, reserved 1048576K
}
Event: 290.031 GC heap after
{Heap after GC invocations=46 (full 0):
 garbage-first heap   total 72704K, used 36278K [0x0000000081600000, 0x0000000100000000)
  region size 1024K, 1 young (1024K), 1 survivors (1024K)
 Metaspace       used 70779K, committed 71296K, reserved 1114112K
  class space    used 8692K, committed 8896K, reserved 1048576K
}
Event: 348.024 GC heap before
{Heap before GC invocations=46 (full 0):
 garbage-first heap   total 72704K, used 61878K [0x0000000081600000, 0x0000000100000000)
  region size 1024K, 26 young (26624K), 1 survivors (1024K)
 Metaspace       used 70779K, committed 71296K, reserved 1114112K
  class space    used 8692K, committed 8896K, reserved 1048576K
}
Event: 348.026 GC heap after
{Heap after GC invocations=47 (full 0):
 garbage-first heap   total 72704K, used 36165K [0x0000000081600000, 0x0000000100000000)
  region size 1024K, 1 young (1024K), 1 survivors (1024K)
 Metaspace       used 70779K, committed 71296K, reserved 1114112K
  class space    used 8692K, committed 8896K, reserved 1048576K
}
Event: 406.742 GC heap before
{Heap before GC invocations=47 (full 0):
 garbage-first heap   total 72704K, used 61765K [0x0000000081600000, 0x0000000100000000)
  region size 1024K, 26 young (26624K), 1 survivors (1024K)
 Metaspace       used 70779K, committed 71296K, reserved 1114112K
  class space    used 8692K, committed 8896K, reserved 1048576K
}
Event: 406.745 GC heap after
{Heap after GC invocations=48 (full 0):
 garbage-first heap   total 72704K, used 36291K [0x0000000081600000, 0x0000000100000000)
  region size 1024K, 1 young (1024K), 1 survivors (1024K)
 Metaspace       used 70779K, committed 71296K, reserved 1114112K
  class space    used 8692K, committed 8896K, reserved 1048576K
}

